Copyright 1986-2022 Xilinx, Inc. All Rights Reserved.
----------------------------------------------------------------------------------------------------------------------------------------------------------
| Tool Version     : Vivado v.2022.2 (win64) Build 3671981 Fri Oct 14 05:00:03 MDT 2022
| Date             : Fri Jan  3 20:12:57 2025
| Host             : ROHANLAPTOP running 64-bit major release  (build 9200)
| Command          : report_power -file wavPlayerTop_power_routed.rpt -pb wavPlayerTop_power_summary_routed.pb -rpx wavPlayerTop_power_routed.rpx
| Design           : wavPlayerTop
| Device           : xc7s50csga324-1
| Design State     : routed
| Grade            : commercial
| Process          : typical
| Characterization : Production
----------------------------------------------------------------------------------------------------------------------------------------------------------

Power Report

Table of Contents
-----------------
1. Summary
1.1 On-Chip Components
1.2 Power Supply Summary
1.3 Confidence Level
2. Settings
2.1 Environment
2.2 Clock Constraints
3. Detailed Reports
3.1 By Hierarchy

1. Summary
----------

+--------------------------+--------------+
| Total On-Chip Power (W)  | 0.291        |
| Design Power Budget (W)  | Unspecified* |
| Power Budget Margin (W)  | NA           |
| Dynamic (W)              | 0.213        |
| Device Static (W)        | 0.078        |
| Effective TJA (C/W)      | 4.9          |
| Max Ambient (C)          | 83.6         |
| Junction Temperature (C) | 26.4         |
| Confidence Level         | Low          |
| Setting File             | ---          |
| Simulation Activity File | ---          |
| Design Nets Matched      | NA           |
+--------------------------+--------------+
* Specify Design Power Budget using, set_operating_conditions -design_power_budget <value in Watts>


1.1 On-Chip Components
----------------------

+--------------------------+-----------+----------+-----------+-----------------+
| On-Chip                  | Power (W) | Used     | Available | Utilization (%) |
+--------------------------+-----------+----------+-----------+-----------------+
| Clocks                   |     0.017 |        8 |       --- |             --- |
| Slice Logic              |     0.004 |     7567 |       --- |             --- |
|   LUT as Logic           |     0.003 |     1983 |     32600 |            6.08 |
|   LUT as Distributed RAM |    <0.001 |       96 |      9600 |            1.00 |
|   Register               |    <0.001 |     3118 |     65200 |            4.78 |
|   CARRY4                 |    <0.001 |       81 |      8150 |            0.99 |
|   F7/F8 Muxes            |    <0.001 |      173 |     32600 |            0.53 |
|   LUT as Shift Register  |    <0.001 |      476 |      9600 |            4.96 |
|   Others                 |    <0.001 |      849 |       --- |             --- |
| Signals                  |     0.007 |     7733 |       --- |             --- |
| Block RAM                |     0.009 |       75 |        75 |          100.00 |
| MMCM                     |     0.106 |        1 |         5 |           20.00 |
| DSPs                     |     0.032 |       50 |       120 |           41.67 |
| I/O                      |     0.037 |       63 |       210 |           30.00 |
| Static Power             |     0.078 |          |           |                 |
| Total                    |     0.291 |          |           |                 |
+--------------------------+-----------+----------+-----------+-----------------+


1.2 Power Supply Summary
------------------------

+-----------+-------------+-----------+-------------+------------+-------------+-------------+------------+
| Source    | Voltage (V) | Total (A) | Dynamic (A) | Static (A) | Powerup (A) | Budget (A)  | Margin (A) |
+-----------+-------------+-----------+-------------+------------+-------------+-------------+------------+
| Vccint    |       1.000 |     0.081 |       0.069 |      0.012 |       NA    | Unspecified | NA         |
| Vccaux    |       1.800 |     0.073 |       0.060 |      0.013 |       NA    | Unspecified | NA         |
| Vcco33    |       3.300 |     0.002 |       0.001 |      0.001 |       NA    | Unspecified | NA         |
| Vcco25    |       2.500 |     0.014 |       0.013 |      0.001 |       NA    | Unspecified | NA         |
| Vcco18    |       1.800 |     0.000 |       0.000 |      0.000 |       NA    | Unspecified | NA         |
| Vcco15    |       1.500 |     0.000 |       0.000 |      0.000 |       NA    | Unspecified | NA         |
| Vcco135   |       1.350 |     0.000 |       0.000 |      0.000 |       NA    | Unspecified | NA         |
| Vcco12    |       1.200 |     0.000 |       0.000 |      0.000 |       NA    | Unspecified | NA         |
| Vccaux_io |       1.800 |     0.000 |       0.000 |      0.000 |       NA    | Unspecified | NA         |
| Vccbram   |       1.000 |     0.003 |       0.001 |      0.002 |       NA    | Unspecified | NA         |
| Vccadc    |       1.800 |     0.020 |       0.000 |      0.020 |       NA    | Unspecified | NA         |
+-----------+-------------+-----------+-------------+------------+-------------+-------------+------------+


1.3 Confidence Level
--------------------

+-----------------------------+------------+--------------------------------------------------------+------------------------------------------------------------------------------------------------------------+
| User Input Data             | Confidence | Details                                                | Action                                                                                                     |
+-----------------------------+------------+--------------------------------------------------------+------------------------------------------------------------------------------------------------------------+
| Design implementation state | High       | Design is routed                                       |                                                                                                            |
| Clock nodes activity        | High       | User specified more than 95% of clocks                 |                                                                                                            |
| I/O nodes activity          | Low        | More than 75% of inputs are missing user specification | Provide missing input activity with simulation results or by editing the "By Resource Type -> I/Os" view   |
| Internal nodes activity     | Medium     | User specified less than 25% of internal nodes         | Provide missing internal nodes activity with simulation results or by editing the "By Resource Type" views |
| Device models               | High       | Device models are Production                           |                                                                                                            |
|                             |            |                                                        |                                                                                                            |
| Overall confidence level    | Low        |                                                        |                                                                                                            |
+-----------------------------+------------+--------------------------------------------------------+------------------------------------------------------------------------------------------------------------+


2. Settings
-----------

2.1 Environment
---------------

+-----------------------+--------------------------+
| Ambient Temp (C)      | 25.0                     |
| ThetaJA (C/W)         | 4.9                      |
| Airflow (LFM)         | 250                      |
| Heat Sink             | medium (Medium Profile)  |
| ThetaSA (C/W)         | 4.6                      |
| Board Selection       | medium (10"x10")         |
| # of Board Layers     | 12to15 (12 to 15 Layers) |
| Board Temperature (C) | 25.0                     |
+-----------------------+--------------------------+


2.2 Clock Constraints
---------------------

+------------------------------------------------------------+---------------------------------------------------------+-----------------+
| Clock                                                      | Domain                                                  | Constraint (ns) |
+------------------------------------------------------------+---------------------------------------------------------+-----------------+
| clk_100                                                    | clk_100MHz                                              |            10.0 |
| clk_100                                                    | clk_100MHz_IBUF_BUFG                                    |            10.0 |
| clk_out1_mb_block_clk_wiz_1_0                              | mb_block_i/clk_wiz_1/inst/clk_out1_mb_block_clk_wiz_1_0 |            10.0 |
| clkfbout_mb_block_clk_wiz_1_0                              | mb_block_i/clk_wiz_1/inst/clkfbout_mb_block_clk_wiz_1_0 |            10.0 |
| mb_block_i/mdm_1/U0/Use_E2.BSCAN_I/Use_E2.BSCANE2_I/DRCK   | mb_block_i/mdm_1/U0/Use_E2.BSCAN_I/DRCK                 |            33.3 |
| mb_block_i/mdm_1/U0/Use_E2.BSCAN_I/Use_E2.BSCANE2_I/UPDATE | mb_block_i/mdm_1/U0/Use_E2.BSCAN_I/Dbg_Update_0         |            33.3 |
+------------------------------------------------------------+---------------------------------------------------------+-----------------+


3. Detailed Reports
-------------------

3.1 By Hierarchy
----------------

+-------------------------------+-----------+
| Name                          | Power (W) |
+-------------------------------+-----------+
| wavPlayerTop                  |     0.213 |
|   mb_block_i                  |     0.131 |
|     clk_wiz_1                 |     0.106 |
|       inst                    |     0.106 |
|     microblaze_0              |     0.012 |
|       U0                      |     0.012 |
|     microblaze_0_axi_intc     |     0.002 |
|       U0                      |     0.002 |
|     microblaze_0_local_memory |     0.008 |
|       lmb_bram                |     0.008 |
|   pwmDriver                   |     0.043 |
|     lpf                       |     0.038 |
|       U0                      |     0.038 |
|     wavInstance               |     0.004 |
|       U0                      |     0.004 |
+-------------------------------+-----------+


